# JRE version: OpenJDK Runtime Environment Temurin-17.0.3+7 (17.0.3+7) (build 17.0.3+7)
# Java VM: OpenJDK 64-Bit Server VM Temurin-17.0.3+7 (17.0.3+7, mixed mode, emulated-client, tiered, compressed oops, compressed class ptrs, g1 gc, windows-amd64)
GC Precious Log:
 CPUs: 12 total, 12 available
 Memory: 6005M
 Large Page Support: Disabled
 NUMA Support: Disabled
 Compressed Oops: Enabled (32-bit)
 Heap Region Size: 1M
 Heap Min Capacity: 8M
 Heap Initial Capacity: 94M
 Heap Max Capacity: 1502M
 Pre-touch: Disabled
 Parallel Workers: 10
 Concurrent Workers: 3
 Concurrent Refinement Workers: 10
 Periodic GC: Disabled
Heap:
 garbage-first heap   total 119808K, used 35413K [0x00000000a2200000, 0x0000000100000000)
  region size 1024K, 1 young (1024K), 0 survivors (0K)
 Metaspace       used 52391K, committed 52992K, reserved 1097728K
  class space    used 6938K, committed 7168K, reserved 1048576K
GC Heap History (20 events):
Event: 14873.860 GC heap before
{Heap before GC invocations=238 (full 204):
 garbage-first heap   total 119808K, used 35413K [0x00000000a2200000, 0x0000000100000000)
  region size 1024K, 1 young (1024K), 0 survivors (0K)
 Metaspace       used 52391K, committed 52992K, reserved 1097728K
  class space    used 6938K, committed 7168K, reserved 1048576K
}
Event: 14873.901 GC heap after
{Heap after GC invocations=239 (full 205):
 garbage-first heap   total 119808K, used 35413K [0x00000000a2200000, 0x0000000100000000)
  region size 1024K, 0 young (0K), 0 survivors (0K)
 Metaspace       used 52391K, committed 52992K, reserved 1097728K
  class space    used 6938K, committed 7168K, reserved 1048576K
}
Event: 14884.348 GC heap before
{Heap before GC invocations=239 (full 205):
 garbage-first heap   total 119808K, used 35413K [0x00000000a2200000, 0x0000000100000000)
  region size 1024K, 1 young (1024K), 0 survivors (0K)
 Metaspace       used 52391K, committed 52992K, reserved 1097728K
  class space    used 6938K, committed 7168K, reserved 1048576K
}
Event: 14884.391 GC heap after
{Heap after GC invocations=240 (full 206):
 garbage-first heap   total 119808K, used 35413K [0x00000000a2200000, 0x0000000100000000)
  region size 1024K, 0 young (0K), 0 survivors (0K)
 Metaspace       used 52391K, committed 52992K, reserved 1097728K
  class space    used 6938K, committed 7168K, reserved 1048576K
}
Event: 14894.843 GC heap before
{Heap before GC invocations=240 (full 206):
 garbage-first heap   total 119808K, used 35413K [0x00000000a2200000, 0x0000000100000000)
  region size 1024K, 1 young (1024K), 0 survivors (0K)
 Metaspace       used 52391K, committed 52992K, reserved 1097728K
  class space    used 6938K, committed 7168K, reserved 1048576K
}
Event: 14894.882 GC heap after
{Heap after GC invocations=241 (full 207):
 garbage-first heap   total 119808K, used 35413K [0x00000000a2200000, 0x0000000100000000)
  region size 1024K, 0 young (0K), 0 survivors (0K)
 Metaspace       used 52391K, committed 52992K, reserved 1097728K
  class space    used 6938K, committed 7168K, reserved 1048576K
}
Event: 14905.474 GC heap before
{Heap before GC invocations=241 (full 207):
 garbage-first heap   total 119808K, used 35413K [0x00000000a2200000, 0x0000000100000000)
  region size 1024K, 1 young (1024K), 0 survivors (0K)
 Metaspace       used 52391K, committed 52992K, reserved 1097728K
  class space    used 6938K, committed 7168K, reserved 1048576K
}
Event: 14905.520 GC heap after
{Heap after GC invocations=242 (full 208):
 garbage-first heap   total 119808K, used 35413K [0x00000000a2200000, 0x0000000100000000)
  region size 1024K, 0 young (0K), 0 survivors (0K)
 Metaspace       used 52391K, committed 52992K, reserved 1097728K
  class space    used 6938K, committed 7168K, reserved 1048576K
}
Event: 14916.084 GC heap before
{Heap before GC invocations=242 (full 208):
 garbage-first heap   total 119808K, used 35413K [0x00000000a2200000, 0x0000000100000000)
  region size 1024K, 1 young (1024K), 0 survivors (0K)
 Metaspace       used 52391K, committed 52992K, reserved 1097728K
  class space    used 6938K, committed 7168K, reserved 1048576K
}
Event: 14916.144 GC heap after
{Heap after GC invocations=243 (full 209):
 garbage-first heap   total 119808K, used 35413K [0x00000000a2200000, 0x0000000100000000)
  region size 1024K, 0 young (0K), 0 survivors (0K)
 Metaspace       used 52391K, committed 52992K, reserved 1097728K
  class space    used 6938K, committed 7168K, reserved 1048576K
}
Event: 14926.828 GC heap before
{Heap before GC invocations=243 (full 209):
 garbage-first heap   total 119808K, used 35413K [0x00000000a2200000, 0x0000000100000000)
  region size 1024K, 1 young (1024K), 0 survivors (0K)
 Metaspace       used 52391K, committed 52992K, reserved 1097728K
  class space    used 6938K, committed 7168K, reserved 1048576K
}
Event: 14926.900 GC heap after
{Heap after GC invocations=244 (full 210):
 garbage-first heap   total 119808K, used 35413K [0x00000000a2200000, 0x0000000100000000)
  region size 1024K, 0 young (0K), 0 survivors (0K)
 Metaspace       used 52391K, committed 52992K, reserved 1097728K
  class space    used 6938K, committed 7168K, reserved 1048576K
}
Event: 14937.552 GC heap before
{Heap before GC invocations=244 (full 210):
 garbage-first heap   total 119808K, used 35413K [0x00000000a2200000, 0x0000000100000000)
  region size 1024K, 1 young (1024K), 0 survivors (0K)
 Metaspace       used 52391K, committed 52992K, reserved 1097728K
  class space    used 6938K, committed 7168K, reserved 1048576K
}
Event: 14937.641 GC heap after
{Heap after GC invocations=245 (full 211):
 garbage-first heap   total 119808K, used 35413K [0x00000000a2200000, 0x0000000100000000)
  region size 1024K, 0 young (0K), 0 survivors (0K)
 Metaspace       used 52391K, committed 52992K, reserved 1097728K
  class space    used 6938K, committed 7168K, reserved 1048576K
}
Event: 14948.050 GC heap before
{Heap before GC invocations=245 (full 211):
 garbage-first heap   total 119808K, used 35413K [0x00000000a2200000, 0x0000000100000000)
  region size 1024K, 1 young (1024K), 0 survivors (0K)
 Metaspace       used 52391K, committed 52992K, reserved 1097728K
  class space    used 6938K, committed 7168K, reserved 1048576K
}
Event: 14948.088 GC heap after
{Heap after GC invocations=246 (full 212):
 garbage-first heap   total 119808K, used 35413K [0x00000000a2200000, 0x0000000100000000)
  region size 1024K, 0 young (0K), 0 survivors (0K)
 Metaspace       used 52391K, committed 52992K, reserved 1097728K
  class space    used 6938K, committed 7168K, reserved 1048576K
}
Event: 14958.558 GC heap before
{Heap before GC invocations=246 (full 212):
 garbage-first heap   total 119808K, used 35413K [0x00000000a2200000, 0x0000000100000000)
  region size 1024K, 1 young (1024K), 0 survivors (0K)
 Metaspace       used 52391K, committed 52992K, reserved 1097728K
  class space    used 6938K, committed 7168K, reserved 1048576K
}
Event: 14958.601 GC heap after
{Heap after GC invocations=247 (full 213):
 garbage-first heap   total 119808K, used 35413K [0x00000000a2200000, 0x0000000100000000)
  region size 1024K, 0 young (0K), 0 survivors (0K)
 Metaspace       used 52391K, committed 52992K, reserved 1097728K
  class space    used 6938K, committed 7168K, reserved 1048576K
}
Event: 14969.077 GC heap before
{Heap before GC invocations=247 (full 213):
 garbage-first heap   total 119808K, used 35413K [0x00000000a2200000, 0x0000000100000000)
  region size 1024K, 1 young (1024K), 0 survivors (0K)
 Metaspace       used 52391K, committed 52992K, reserved 1097728K
  class space    used 6938K, committed 7168K, reserved 1048576K
}
Event: 14969.124 GC heap after
{Heap after GC invocations=248 (full 214):
 garbage-first heap   total 119808K, used 35413K [0x00000000a2200000, 0x0000000100000000)
  region size 1024K, 0 young (0K), 0 survivors (0K)
 Metaspace       used 52391K, committed 52992K, reserved 1097728K
  class space    used 6938K, committed 7168K, reserved 1048576K
}

